Flow report for final_one_adc
Wed Mar 27 11:07:10 2019
Quartus II Version 9.1 Build 222 10/21/2009 SJ Web Edition


---------------------
; Table of Contents ;
---------------------
  1. Legal Notice
  2. Flow Summary
  3. Flow Settings
  4. Flow Non-Default Global Settings
  5. Flow Elapsed Time
  6. Flow OS Summary
  7. Flow Log



----------------
; Legal Notice ;
----------------
Copyright (C) 1991-2009 Altera Corporation
Your use of Altera Corporation's design tools, logic functions 
and other software and tools, and its AMPP partner logic 
functions, and any output files from any of the foregoing 
(including device programming or simulation files), and any 
associated documentation or information are expressly subject 
to the terms and conditions of the Altera Program License 
Subscription Agreement, Altera MegaCore Function License 
Agreement, or other applicable license agreement, including, 
without limitation, that your use is for the sole purpose of 
programming logic devices manufactured by Altera and sold by 
Altera or its authorized distributors.  Please refer to the 
applicable agreement for further details.



+------------------------------------------------------------------------------+
; Flow Summary                                                                 ;
+------------------------------------+-----------------------------------------+
; Flow Status                        ; Successful - Wed Mar 27 11:07:10 2019   ;
; Quartus II Version                 ; 9.1 Build 222 10/21/2009 SJ Web Edition ;
; Revision Name                      ; final_one_adc                           ;
; Top-level Entity Name              ; Block1                                  ;
; Family                             ; Cyclone II                              ;
; Device                             ; EP2C20F484C7                            ;
; Timing Models                      ; Final                                   ;
; Met timing requirements            ; Yes                                     ;
; Total logic elements               ; 2,931 / 18,752 ( 16 % )                 ;
;     Total combinational functions  ; 2,071 / 18,752 ( 11 % )                 ;
;     Dedicated logic registers      ; 2,284 / 18,752 ( 12 % )                 ;
; Total registers                    ; 2284                                    ;
; Total pins                         ; 7 / 315 ( 2 % )                         ;
; Total virtual pins                 ; 0                                       ;
; Total memory bits                  ; 0 / 239,616 ( 0 % )                     ;
; Embedded Multiplier 9-bit elements ; 0 / 52 ( 0 % )                          ;
; Total PLLs                         ; 0 / 4 ( 0 % )                           ;
+------------------------------------+-----------------------------------------+


+-----------------------------------------+
; Flow Settings                           ;
+-------------------+---------------------+
; Option            ; Setting             ;
+-------------------+---------------------+
; Start date & time ; 03/27/2019 11:06:08 ;
; Main task         ; Compilation         ;
; Revision Name     ; final_one_adc       ;
+-------------------+---------------------+


+--------------------------------------------------------------------------------------------------------------------+
; Flow Non-Default Global Settings                                                                                   ;
+------------------------------------+--------------------------------+---------------+-------------+----------------+
; Assignment Name                    ; Value                          ; Default Value ; Entity Name ; Section Id     ;
+------------------------------------+--------------------------------+---------------+-------------+----------------+
; COMPILER_SIGNATURE_ID              ; 83788519178565.155366496700924 ; --            ; --          ; --             ;
; MAX_CORE_JUNCTION_TEMP             ; 85                             ; --            ; --          ; --             ;
; MIN_CORE_JUNCTION_TEMP             ; 0                              ; --            ; --          ; --             ;
; PARTITION_COLOR                    ; 16764057                       ; --            ; Block1      ; Top            ;
; PARTITION_NETLIST_TYPE             ; SOURCE                         ; --            ; Block1      ; Top            ;
; TOP_LEVEL_ENTITY                   ; Block1                         ; final_one_adc ; --          ; --             ;
; USE_GENERATED_PHYSICAL_CONSTRAINTS ; Off                            ; --            ; --          ; eda_blast_fpga ;
+------------------------------------+--------------------------------+---------------+-------------+----------------+


+-----------------------------------------------------------------------------------------------------------------------------+
; Flow Elapsed Time                                                                                                           ;
+-------------------------+--------------+-------------------------+---------------------+------------------------------------+
; Module Name             ; Elapsed Time ; Average Processors Used ; Peak Virtual Memory ; Total CPU Time (on all processors) ;
+-------------------------+--------------+-------------------------+---------------------+------------------------------------+
; Analysis & Synthesis    ; 00:00:26     ; 1.0                     ; 210 MB              ; 00:00:28                           ;
; Fitter                  ; 00:00:23     ; 1.0                     ; 231 MB              ; 00:00:24                           ;
; Assembler               ; 00:00:05     ; 1.0                     ; 211 MB              ; 00:00:05                           ;
; Classic Timing Analyzer ; 00:00:03     ; 1.0                     ; 160 MB              ; 00:00:03                           ;
; Total                   ; 00:00:57     ; --                      ; --                  ; 00:01:00                           ;
+-------------------------+--------------+-------------------------+---------------------+------------------------------------+


+------------------------------------------------------------------------------------------+
; Flow OS Summary                                                                          ;
+-------------------------+------------------+---------------+------------+----------------+
; Module Name             ; Machine Hostname ; OS Name       ; OS Version ; Processor type ;
+-------------------------+------------------+---------------+------------+----------------+
; Analysis & Synthesis    ; IDEAPAD          ; Windows Vista ; 6.2        ; i686           ;
; Fitter                  ; IDEAPAD          ; Windows Vista ; 6.2        ; i686           ;
; Assembler               ; IDEAPAD          ; Windows Vista ; 6.2        ; i686           ;
; Classic Timing Analyzer ; IDEAPAD          ; Windows Vista ; 6.2        ; i686           ;
+-------------------------+------------------+---------------+------------+----------------+


------------
; Flow Log ;
------------
quartus_map --read_settings_files=on --write_settings_files=off final_one_adc -c final_one_adc
quartus_fit --read_settings_files=off --write_settings_files=off final_one_adc -c final_one_adc
quartus_asm --read_settings_files=off --write_settings_files=off final_one_adc -c final_one_adc
quartus_tan --read_settings_files=off --write_settings_files=off final_one_adc -c final_one_adc --timing_analysis_only



